<?xml version="1.0" encoding="UTF-8"?>
<testsuite xmlns:xsi="http://www.w3.org/2001/XMLSchema-instance" xsi:noNamespaceSchemaLocation="https://maven.apache.org/surefire/maven-surefire-plugin/xsd/surefire-test-report.xsd" name="com.ed.messaging.MessagingApplicationTests" time="2.459" tests="1" errors="0" skipped="0" failures="0">
  <properties>
    <property name="java.specification.version" value="17"/>
    <property name="sun.jnu.encoding" value="UTF-8"/>
    <property name="java.class.path" value="/home/lucas/dev/java/messaging/target/test-classes:/home/lucas/dev/java/messaging/target/classes:/home/lucas/.m2/repository/org/springframework/boot/spring-boot-starter-activemq/2.7.9-SNAPSHOT/spring-boot-starter-activemq-2.7.9-SNAPSHOT.jar:/home/lucas/.m2/repository/org/springframework/boot/spring-boot-starter/2.7.9-SNAPSHOT/spring-boot-starter-2.7.9-SNAPSHOT.jar:/home/lucas/.m2/repository/org/springframework/boot/spring-boot/2.7.9-SNAPSHOT/spring-boot-2.7.9-SNAPSHOT.jar:/home/lucas/.m2/repository/org/springframework/boot/spring-boot-autoconfigure/2.7.9-SNAPSHOT/spring-boot-autoconfigure-2.7.9-SNAPSHOT.jar:/home/lucas/.m2/repository/org/springframework/boot/spring-boot-starter-logging/2.7.9-SNAPSHOT/spring-boot-starter-logging-2.7.9-SNAPSHOT.jar:/home/lucas/.m2/repository/ch/qos/logback/logback-classic/1.2.11/logback-classic-1.2.11.jar:/home/lucas/.m2/repository/ch/qos/logback/logback-core/1.2.11/logback-core-1.2.11.jar:/home/lucas/.m2/repository/org/apache/logging/log4j/log4j-to-slf4j/2.17.2/log4j-to-slf4j-2.17.2.jar:/home/lucas/.m2/repository/org/apache/logging/log4j/log4j-api/2.17.2/log4j-api-2.17.2.jar:/home/lucas/.m2/repository/org/slf4j/jul-to-slf4j/1.7.36/jul-to-slf4j-1.7.36.jar:/home/lucas/.m2/repository/jakarta/annotation/jakarta.annotation-api/1.3.5/jakarta.annotation-api-1.3.5.jar:/home/lucas/.m2/repository/org/yaml/snakeyaml/1.30/snakeyaml-1.30.jar:/home/lucas/.m2/repository/org/springframework/spring-jms/5.3.25/spring-jms-5.3.25.jar:/home/lucas/.m2/repository/org/springframework/spring-messaging/5.3.25/spring-messaging-5.3.25.jar:/home/lucas/.m2/repository/org/apache/activemq/activemq-broker/5.16.5/activemq-broker-5.16.5.jar:/home/lucas/.m2/repository/org/apache/activemq/activemq-client/5.16.5/activemq-client-5.16.5.jar:/home/lucas/.m2/repository/org/fusesource/hawtbuf/hawtbuf/1.11/hawtbuf-1.11.jar:/home/lucas/.m2/repository/org/apache/activemq/activemq-openwire-legacy/5.16.5/activemq-openwire-legacy-5.16.5.jar:/home/lucas/.m2/repository/com/fasterxml/jackson/core/jackson-databind/2.13.4.2/jackson-databind-2.13.4.2.jar:/home/lucas/.m2/repository/com/fasterxml/jackson/core/jackson-annotations/2.13.4/jackson-annotations-2.13.4.jar:/home/lucas/.m2/repository/com/fasterxml/jackson/core/jackson-core/2.13.4/jackson-core-2.13.4.jar:/home/lucas/.m2/repository/jakarta/jms/jakarta.jms-api/2.0.3/jakarta.jms-api-2.0.3.jar:/home/lucas/.m2/repository/jakarta/management/j2ee/jakarta.management.j2ee-api/1.1.4/jakarta.management.j2ee-api-1.1.4.jar:/home/lucas/.m2/repository/org/springframework/boot/spring-boot-starter-test/2.7.9-SNAPSHOT/spring-boot-starter-test-2.7.9-SNAPSHOT.jar:/home/lucas/.m2/repository/org/springframework/boot/spring-boot-test/2.7.9-SNAPSHOT/spring-boot-test-2.7.9-SNAPSHOT.jar:/home/lucas/.m2/repository/org/springframework/boot/spring-boot-test-autoconfigure/2.7.9-SNAPSHOT/spring-boot-test-autoconfigure-2.7.9-SNAPSHOT.jar:/home/lucas/.m2/repository/com/jayway/jsonpath/json-path/2.7.0/json-path-2.7.0.jar:/home/lucas/.m2/repository/net/minidev/json-smart/2.4.8/json-smart-2.4.8.jar:/home/lucas/.m2/repository/net/minidev/accessors-smart/2.4.8/accessors-smart-2.4.8.jar:/home/lucas/.m2/repository/org/ow2/asm/asm/9.1/asm-9.1.jar:/home/lucas/.m2/repository/jakarta/xml/bind/jakarta.xml.bind-api/2.3.3/jakarta.xml.bind-api-2.3.3.jar:/home/lucas/.m2/repository/jakarta/activation/jakarta.activation-api/1.2.2/jakarta.activation-api-1.2.2.jar:/home/lucas/.m2/repository/org/assertj/assertj-core/3.22.0/assertj-core-3.22.0.jar:/home/lucas/.m2/repository/org/hamcrest/hamcrest/2.2/hamcrest-2.2.jar:/home/lucas/.m2/repository/org/junit/jupiter/junit-jupiter/5.8.2/junit-jupiter-5.8.2.jar:/home/lucas/.m2/repository/org/junit/jupiter/junit-jupiter-api/5.8.2/junit-jupiter-api-5.8.2.jar:/home/lucas/.m2/repository/org/opentest4j/opentest4j/1.2.0/opentest4j-1.2.0.jar:/home/lucas/.m2/repository/org/junit/platform/junit-platform-commons/1.8.2/junit-platform-commons-1.8.2.jar:/home/lucas/.m2/repository/org/apiguardian/apiguardian-api/1.1.2/apiguardian-api-1.1.2.jar:/home/lucas/.m2/repository/org/junit/jupiter/junit-jupiter-params/5.8.2/junit-jupiter-params-5.8.2.jar:/home/lucas/.m2/repository/org/junit/jupiter/junit-jupiter-engine/5.8.2/junit-jupiter-engine-5.8.2.jar:/home/lucas/.m2/repository/org/junit/platform/junit-platform-engine/1.8.2/junit-platform-engine-1.8.2.jar:/home/lucas/.m2/repository/org/mockito/mockito-core/4.5.1/mockito-core-4.5.1.jar:/home/lucas/.m2/repository/net/bytebuddy/byte-buddy/1.12.22/byte-buddy-1.12.22.jar:/home/lucas/.m2/repository/net/bytebuddy/byte-buddy-agent/1.12.22/byte-buddy-agent-1.12.22.jar:/home/lucas/.m2/repository/org/objenesis/objenesis/3.2/objenesis-3.2.jar:/home/lucas/.m2/repository/org/mockito/mockito-junit-jupiter/4.5.1/mockito-junit-jupiter-4.5.1.jar:/home/lucas/.m2/repository/org/skyscreamer/jsonassert/1.5.1/jsonassert-1.5.1.jar:/home/lucas/.m2/repository/com/vaadin/external/google/android-json/0.0.20131108.vaadin1/android-json-0.0.20131108.vaadin1.jar:/home/lucas/.m2/repository/org/springframework/spring-core/5.3.25/spring-core-5.3.25.jar:/home/lucas/.m2/repository/org/springframework/spring-jcl/5.3.25/spring-jcl-5.3.25.jar:/home/lucas/.m2/repository/org/springframework/spring-test/5.3.25/spring-test-5.3.25.jar:/home/lucas/.m2/repository/org/xmlunit/xmlunit-core/2.9.1/xmlunit-core-2.9.1.jar:/home/lucas/.m2/repository/org/apache/camel/camel-jms/3.20.1/camel-jms-3.20.1.jar:/home/lucas/.m2/repository/org/apache/camel/camel-support/3.20.1/camel-support-3.20.1.jar:/home/lucas/.m2/repository/org/apache/camel/camel-api/3.20.1/camel-api-3.20.1.jar:/home/lucas/.m2/repository/org/apache/camel/camel-management-api/3.20.1/camel-management-api-3.20.1.jar:/home/lucas/.m2/repository/org/apache/camel/camel-util/3.20.1/camel-util-3.20.1.jar:/home/lucas/.m2/repository/org/apache/camel/camel-spring/3.20.1/camel-spring-3.20.1.jar:/home/lucas/.m2/repository/org/springframework/spring-aop/5.3.25/spring-aop-5.3.25.jar:/home/lucas/.m2/repository/org/springframework/spring-expression/5.3.25/spring-expression-5.3.25.jar:/home/lucas/.m2/repository/org/springframework/spring-context/5.3.25/spring-context-5.3.25.jar:/home/lucas/.m2/repository/org/springframework/spring-tx/5.3.25/spring-tx-5.3.25.jar:/home/lucas/.m2/repository/org/springframework/spring-beans/5.3.25/spring-beans-5.3.25.jar:/home/lucas/.m2/repository/org/apache/geronimo/specs/geronimo-jms_2.0_spec/1.0-alpha-2/geronimo-jms_2.0_spec-1.0-alpha-2.jar:/home/lucas/.m2/repository/org/apache/camel/camel-activemq/3.20.1/camel-activemq-3.20.1.jar:/home/lucas/.m2/repository/org/slf4j/slf4j-api/1.7.36/slf4j-api-1.7.36.jar:/home/lucas/.m2/repository/org/apache/activemq/activemq-spring/5.16.5/activemq-spring-5.16.5.jar:/home/lucas/.m2/repository/org/apache/xbean/xbean-spring/4.21/xbean-spring-4.21.jar:/home/lucas/.m2/repository/org/apache/geronimo/specs/geronimo-jta_1.1_spec/1.1.1/geronimo-jta_1.1_spec-1.1.1.jar:/home/lucas/.m2/repository/org/apache/commons/commons-pool2/2.11.1/commons-pool2-2.11.1.jar:/home/lucas/.m2/repository/org/apache/activemq/activemq-pool/5.16.5/activemq-pool-5.16.5.jar:/home/lucas/.m2/repository/org/apache/activemq/activemq-jms-pool/5.16.5/activemq-jms-pool-5.16.5.jar:/home/lucas/.m2/repository/org/apache/geronimo/specs/geronimo-jms_1.1_spec/1.1.1/geronimo-jms_1.1_spec-1.1.1.jar:/home/lucas/.m2/repository/org/apache/camel/springboot/camel-spring-boot-starter/3.20.1/camel-spring-boot-starter-3.20.1.jar:/home/lucas/.m2/repository/org/apache/camel/springboot/camel-spring-boot/3.20.1/camel-spring-boot-3.20.1.jar:/home/lucas/.m2/repository/org/apache/camel/camel-spring-main/3.20.1/camel-spring-main-3.20.1.jar:/home/lucas/.m2/repository/org/apache/camel/camel-main/3.20.1/camel-main-3.20.1.jar:/home/lucas/.m2/repository/org/apache/camel/camel-util-json/3.20.1/camel-util-json-3.20.1.jar:/home/lucas/.m2/repository/org/apache/camel/camel-xml-jaxb-dsl/3.20.1/camel-xml-jaxb-dsl-3.20.1.jar:/home/lucas/.m2/repository/org/apache/camel/camel-dsl-support/3.20.1/camel-dsl-support-3.20.1.jar:/home/lucas/.m2/repository/org/apache/camel/camel-spring-xml/3.20.1/camel-spring-xml-3.20.1.jar:/home/lucas/.m2/repository/org/apache/camel/camel-core-xml/3.20.1/camel-core-xml-3.20.1.jar:/home/lucas/.m2/repository/javax/annotation/javax.annotation-api/1.3.2/javax.annotation-api-1.3.2.jar:/home/lucas/.m2/repository/org/apache/camel/camel-cloud/3.20.1/camel-cloud-3.20.1.jar:/home/lucas/.m2/repository/org/apache/camel/springboot/camel-core-starter/3.20.1/camel-core-starter-3.20.1.jar:/home/lucas/.m2/repository/org/apache/camel/springboot/camel-bean-starter/3.20.1/camel-bean-starter-3.20.1.jar:/home/lucas/.m2/repository/org/apache/camel/springboot/camel-browse-starter/3.20.1/camel-browse-starter-3.20.1.jar:/home/lucas/.m2/repository/org/apache/camel/springboot/camel-controlbus-starter/3.20.1/camel-controlbus-starter-3.20.1.jar:/home/lucas/.m2/repository/org/apache/camel/springboot/camel-dataformat-starter/3.20.1/camel-dataformat-starter-3.20.1.jar:/home/lucas/.m2/repository/org/apache/camel/springboot/camel-dataset-starter/3.20.1/camel-dataset-starter-3.20.1.jar:/home/lucas/.m2/repository/org/apache/camel/springboot/camel-direct-starter/3.20.1/camel-direct-starter-3.20.1.jar:/home/lucas/.m2/repository/org/apache/camel/springboot/camel-directvm-starter/3.20.1/camel-directvm-starter-3.20.1.jar:/home/lucas/.m2/repository/org/apache/camel/springboot/camel-file-starter/3.20.1/camel-file-starter-3.20.1.jar:/home/lucas/.m2/repository/org/apache/camel/springboot/camel-language-starter/3.20.1/camel-language-starter-3.20.1.jar:/home/lucas/.m2/repository/org/apache/camel/springboot/camel-log-starter/3.20.1/camel-log-starter-3.20.1.jar:/home/lucas/.m2/repository/org/apache/camel/springboot/camel-mock-starter/3.20.1/camel-mock-starter-3.20.1.jar:/home/lucas/.m2/repository/org/apache/camel/springboot/camel-ref-starter/3.20.1/camel-ref-starter-3.20.1.jar:/home/lucas/.m2/repository/org/apache/camel/springboot/camel-rest-starter/3.20.1/camel-rest-starter-3.20.1.jar:/home/lucas/.m2/repository/org/apache/camel/springboot/camel-saga-starter/3.20.1/camel-saga-starter-3.20.1.jar:/home/lucas/.m2/repository/org/apache/camel/springboot/camel-scheduler-starter/3.20.1/camel-scheduler-starter-3.20.1.jar:/home/lucas/.m2/repository/org/apache/camel/springboot/camel-seda-starter/3.20.1/camel-seda-starter-3.20.1.jar:/home/lucas/.m2/repository/org/apache/camel/springboot/camel-stub-starter/3.20.1/camel-stub-starter-3.20.1.jar:/home/lucas/.m2/repository/org/apache/camel/springboot/camel-timer-starter/3.20.1/camel-timer-starter-3.20.1.jar:/home/lucas/.m2/repository/org/apache/camel/springboot/camel-validator-starter/3.20.1/camel-validator-starter-3.20.1.jar:/home/lucas/.m2/repository/org/apache/camel/springboot/camel-vm-starter/3.20.1/camel-vm-starter-3.20.1.jar:/home/lucas/.m2/repository/org/apache/camel/springboot/camel-xpath-starter/3.20.1/camel-xpath-starter-3.20.1.jar:/home/lucas/.m2/repository/org/apache/camel/springboot/camel-xslt-starter/3.20.1/camel-xslt-starter-3.20.1.jar:/home/lucas/.m2/repository/org/apache/camel/springboot/camel-xml-jaxp-starter/3.20.1/camel-xml-jaxp-starter-3.20.1.jar:/home/lucas/.m2/repository/org/apache/camel/camel-stream/3.20.1/camel-stream-3.20.1.jar:/home/lucas/.m2/repository/org/apache/camel/camel-core/3.20.1/camel-core-3.20.1.jar:/home/lucas/.m2/repository/org/apache/camel/camel-core-engine/3.20.1/camel-core-engine-3.20.1.jar:/home/lucas/.m2/repository/org/apache/camel/camel-base-engine/3.20.1/camel-base-engine-3.20.1.jar:/home/lucas/.m2/repository/org/apache/camel/camel-base/3.20.1/camel-base-3.20.1.jar:/home/lucas/.m2/repository/org/apache/camel/camel-core-reifier/3.20.1/camel-core-reifier-3.20.1.jar:/home/lucas/.m2/repository/org/apache/camel/camel-core-processor/3.20.1/camel-core-processor-3.20.1.jar:/home/lucas/.m2/repository/org/apache/camel/camel-core-languages/3.20.1/camel-core-languages-3.20.1.jar:/home/lucas/.m2/repository/org/apache/camel/camel-core-model/3.20.1/camel-core-model-3.20.1.jar:/home/lucas/.m2/repository/org/apache/camel/camel-bean/3.20.1/camel-bean-3.20.1.jar:/home/lucas/.m2/repository/org/apache/camel/camel-browse/3.20.1/camel-browse-3.20.1.jar:/home/lucas/.m2/repository/org/apache/camel/camel-cluster/3.20.1/camel-cluster-3.20.1.jar:/home/lucas/.m2/repository/org/apache/camel/camel-controlbus/3.20.1/camel-controlbus-3.20.1.jar:/home/lucas/.m2/repository/org/apache/camel/camel-dataformat/3.20.1/camel-dataformat-3.20.1.jar:/home/lucas/.m2/repository/org/apache/camel/camel-dataset/3.20.1/camel-dataset-3.20.1.jar:/home/lucas/.m2/repository/org/apache/camel/camel-direct/3.20.1/camel-direct-3.20.1.jar:/home/lucas/.m2/repository/org/apache/camel/camel-directvm/3.20.1/camel-directvm-3.20.1.jar:/home/lucas/.m2/repository/org/apache/camel/camel-file/3.20.1/camel-file-3.20.1.jar:/home/lucas/.m2/repository/org/apache/camel/camel-health/3.20.1/camel-health-3.20.1.jar:/home/lucas/.m2/repository/org/apache/camel/camel-language/3.20.1/camel-language-3.20.1.jar:/home/lucas/.m2/repository/org/apache/camel/camel-log/3.20.1/camel-log-3.20.1.jar:/home/lucas/.m2/repository/org/apache/camel/camel-mock/3.20.1/camel-mock-3.20.1.jar:/home/lucas/.m2/repository/org/apache/camel/camel-ref/3.20.1/camel-ref-3.20.1.jar:/home/lucas/.m2/repository/org/apache/camel/camel-rest/3.20.1/camel-rest-3.20.1.jar:/home/lucas/.m2/repository/org/apache/camel/camel-tooling-model/3.20.1/camel-tooling-model-3.20.1.jar:/home/lucas/.m2/repository/org/apache/camel/camel-saga/3.20.1/camel-saga-3.20.1.jar:/home/lucas/.m2/repository/org/apache/camel/camel-scheduler/3.20.1/camel-scheduler-3.20.1.jar:/home/lucas/.m2/repository/org/apache/camel/camel-seda/3.20.1/camel-seda-3.20.1.jar:/home/lucas/.m2/repository/org/apache/camel/camel-stub/3.20.1/camel-stub-3.20.1.jar:/home/lucas/.m2/repository/org/apache/camel/camel-timer/3.20.1/camel-timer-3.20.1.jar:/home/lucas/.m2/repository/org/apache/camel/camel-validator/3.20.1/camel-validator-3.20.1.jar:/home/lucas/.m2/repository/org/apache/camel/camel-vm/3.20.1/camel-vm-3.20.1.jar:/home/lucas/.m2/repository/org/apache/camel/camel-xpath/3.20.1/camel-xpath-3.20.1.jar:/home/lucas/.m2/repository/org/apache/camel/camel-xslt/3.20.1/camel-xslt-3.20.1.jar:/home/lucas/.m2/repository/org/apache/camel/camel-xml-jaxb/3.20.1/camel-xml-jaxb-3.20.1.jar:/home/lucas/.m2/repository/com/sun/xml/bind/jaxb-core/2.3.0/jaxb-core-2.3.0.jar:/home/lucas/.m2/repository/com/sun/xml/bind/jaxb-impl/2.3.3/jaxb-impl-2.3.3.jar:/home/lucas/.m2/repository/com/sun/activation/jakarta.activation/1.2.2/jakarta.activation-1.2.2.jar:/home/lucas/.m2/repository/org/apache/camel/camel-xml-jaxp/3.20.1/camel-xml-jaxp-3.20.1.jar:/home/lucas/.m2/repository/org/apache/camel/camel-xml-io-util/3.20.1/camel-xml-io-util-3.20.1.jar:"/>
    <property name="java.vm.vendor" value="Private Build"/>
    <property name="sun.arch.data.model" value="64"/>
    <property name="java.vendor.url" value="Unknown"/>
    <property name="os.name" value="Linux"/>
    <property name="java.vm.specification.version" value="17"/>
    <property name="sun.java.launcher" value="SUN_STANDARD"/>
    <property name="user.country" value="US"/>
    <property name="sun.boot.library.path" value="/usr/lib/jvm/java-17-openjdk-amd64/lib"/>
    <property name="sun.java.command" value="/home/lucas/dev/java/messaging/target/surefire/surefirebooter4227163072395673329.jar /home/lucas/dev/java/messaging/target/surefire 2023-01-23T22-59-56_988-jvmRun1 surefire18353123332452446901tmp surefire_0479919586489349671tmp"/>
    <property name="jdk.debug" value="release"/>
    <property name="surefire.test.class.path" value="/home/lucas/dev/java/messaging/target/test-classes:/home/lucas/dev/java/messaging/target/classes:/home/lucas/.m2/repository/org/springframework/boot/spring-boot-starter-activemq/2.7.9-SNAPSHOT/spring-boot-starter-activemq-2.7.9-SNAPSHOT.jar:/home/lucas/.m2/repository/org/springframework/boot/spring-boot-starter/2.7.9-SNAPSHOT/spring-boot-starter-2.7.9-SNAPSHOT.jar:/home/lucas/.m2/repository/org/springframework/boot/spring-boot/2.7.9-SNAPSHOT/spring-boot-2.7.9-SNAPSHOT.jar:/home/lucas/.m2/repository/org/springframework/boot/spring-boot-autoconfigure/2.7.9-SNAPSHOT/spring-boot-autoconfigure-2.7.9-SNAPSHOT.jar:/home/lucas/.m2/repository/org/springframework/boot/spring-boot-starter-logging/2.7.9-SNAPSHOT/spring-boot-starter-logging-2.7.9-SNAPSHOT.jar:/home/lucas/.m2/repository/ch/qos/logback/logback-classic/1.2.11/logback-classic-1.2.11.jar:/home/lucas/.m2/repository/ch/qos/logback/logback-core/1.2.11/logback-core-1.2.11.jar:/home/lucas/.m2/repository/org/apache/logging/log4j/log4j-to-slf4j/2.17.2/log4j-to-slf4j-2.17.2.jar:/home/lucas/.m2/repository/org/apache/logging/log4j/log4j-api/2.17.2/log4j-api-2.17.2.jar:/home/lucas/.m2/repository/org/slf4j/jul-to-slf4j/1.7.36/jul-to-slf4j-1.7.36.jar:/home/lucas/.m2/repository/jakarta/annotation/jakarta.annotation-api/1.3.5/jakarta.annotation-api-1.3.5.jar:/home/lucas/.m2/repository/org/yaml/snakeyaml/1.30/snakeyaml-1.30.jar:/home/lucas/.m2/repository/org/springframework/spring-jms/5.3.25/spring-jms-5.3.25.jar:/home/lucas/.m2/repository/org/springframework/spring-messaging/5.3.25/spring-messaging-5.3.25.jar:/home/lucas/.m2/repository/org/apache/activemq/activemq-broker/5.16.5/activemq-broker-5.16.5.jar:/home/lucas/.m2/repository/org/apache/activemq/activemq-client/5.16.5/activemq-client-5.16.5.jar:/home/lucas/.m2/repository/org/fusesource/hawtbuf/hawtbuf/1.11/hawtbuf-1.11.jar:/home/lucas/.m2/repository/org/apache/activemq/activemq-openwire-legacy/5.16.5/activemq-openwire-legacy-5.16.5.jar:/home/lucas/.m2/repository/com/fasterxml/jackson/core/jackson-databind/2.13.4.2/jackson-databind-2.13.4.2.jar:/home/lucas/.m2/repository/com/fasterxml/jackson/core/jackson-annotations/2.13.4/jackson-annotations-2.13.4.jar:/home/lucas/.m2/repository/com/fasterxml/jackson/core/jackson-core/2.13.4/jackson-core-2.13.4.jar:/home/lucas/.m2/repository/jakarta/jms/jakarta.jms-api/2.0.3/jakarta.jms-api-2.0.3.jar:/home/lucas/.m2/repository/jakarta/management/j2ee/jakarta.management.j2ee-api/1.1.4/jakarta.management.j2ee-api-1.1.4.jar:/home/lucas/.m2/repository/org/springframework/boot/spring-boot-starter-test/2.7.9-SNAPSHOT/spring-boot-starter-test-2.7.9-SNAPSHOT.jar:/home/lucas/.m2/repository/org/springframework/boot/spring-boot-test/2.7.9-SNAPSHOT/spring-boot-test-2.7.9-SNAPSHOT.jar:/home/lucas/.m2/repository/org/springframework/boot/spring-boot-test-autoconfigure/2.7.9-SNAPSHOT/spring-boot-test-autoconfigure-2.7.9-SNAPSHOT.jar:/home/lucas/.m2/repository/com/jayway/jsonpath/json-path/2.7.0/json-path-2.7.0.jar:/home/lucas/.m2/repository/net/minidev/json-smart/2.4.8/json-smart-2.4.8.jar:/home/lucas/.m2/repository/net/minidev/accessors-smart/2.4.8/accessors-smart-2.4.8.jar:/home/lucas/.m2/repository/org/ow2/asm/asm/9.1/asm-9.1.jar:/home/lucas/.m2/repository/jakarta/xml/bind/jakarta.xml.bind-api/2.3.3/jakarta.xml.bind-api-2.3.3.jar:/home/lucas/.m2/repository/jakarta/activation/jakarta.activation-api/1.2.2/jakarta.activation-api-1.2.2.jar:/home/lucas/.m2/repository/org/assertj/assertj-core/3.22.0/assertj-core-3.22.0.jar:/home/lucas/.m2/repository/org/hamcrest/hamcrest/2.2/hamcrest-2.2.jar:/home/lucas/.m2/repository/org/junit/jupiter/junit-jupiter/5.8.2/junit-jupiter-5.8.2.jar:/home/lucas/.m2/repository/org/junit/jupiter/junit-jupiter-api/5.8.2/junit-jupiter-api-5.8.2.jar:/home/lucas/.m2/repository/org/opentest4j/opentest4j/1.2.0/opentest4j-1.2.0.jar:/home/lucas/.m2/repository/org/junit/platform/junit-platform-commons/1.8.2/junit-platform-commons-1.8.2.jar:/home/lucas/.m2/repository/org/apiguardian/apiguardian-api/1.1.2/apiguardian-api-1.1.2.jar:/home/lucas/.m2/repository/org/junit/jupiter/junit-jupiter-params/5.8.2/junit-jupiter-params-5.8.2.jar:/home/lucas/.m2/repository/org/junit/jupiter/junit-jupiter-engine/5.8.2/junit-jupiter-engine-5.8.2.jar:/home/lucas/.m2/repository/org/junit/platform/junit-platform-engine/1.8.2/junit-platform-engine-1.8.2.jar:/home/lucas/.m2/repository/org/mockito/mockito-core/4.5.1/mockito-core-4.5.1.jar:/home/lucas/.m2/repository/net/bytebuddy/byte-buddy/1.12.22/byte-buddy-1.12.22.jar:/home/lucas/.m2/repository/net/bytebuddy/byte-buddy-agent/1.12.22/byte-buddy-agent-1.12.22.jar:/home/lucas/.m2/repository/org/objenesis/objenesis/3.2/objenesis-3.2.jar:/home/lucas/.m2/repository/org/mockito/mockito-junit-jupiter/4.5.1/mockito-junit-jupiter-4.5.1.jar:/home/lucas/.m2/repository/org/skyscreamer/jsonassert/1.5.1/jsonassert-1.5.1.jar:/home/lucas/.m2/repository/com/vaadin/external/google/android-json/0.0.20131108.vaadin1/android-json-0.0.20131108.vaadin1.jar:/home/lucas/.m2/repository/org/springframework/spring-core/5.3.25/spring-core-5.3.25.jar:/home/lucas/.m2/repository/org/springframework/spring-jcl/5.3.25/spring-jcl-5.3.25.jar:/home/lucas/.m2/repository/org/springframework/spring-test/5.3.25/spring-test-5.3.25.jar:/home/lucas/.m2/repository/org/xmlunit/xmlunit-core/2.9.1/xmlunit-core-2.9.1.jar:/home/lucas/.m2/repository/org/apache/camel/camel-jms/3.20.1/camel-jms-3.20.1.jar:/home/lucas/.m2/repository/org/apache/camel/camel-support/3.20.1/camel-support-3.20.1.jar:/home/lucas/.m2/repository/org/apache/camel/camel-api/3.20.1/camel-api-3.20.1.jar:/home/lucas/.m2/repository/org/apache/camel/camel-management-api/3.20.1/camel-management-api-3.20.1.jar:/home/lucas/.m2/repository/org/apache/camel/camel-util/3.20.1/camel-util-3.20.1.jar:/home/lucas/.m2/repository/org/apache/camel/camel-spring/3.20.1/camel-spring-3.20.1.jar:/home/lucas/.m2/repository/org/springframework/spring-aop/5.3.25/spring-aop-5.3.25.jar:/home/lucas/.m2/repository/org/springframework/spring-expression/5.3.25/spring-expression-5.3.25.jar:/home/lucas/.m2/repository/org/springframework/spring-context/5.3.25/spring-context-5.3.25.jar:/home/lucas/.m2/repository/org/springframework/spring-tx/5.3.25/spring-tx-5.3.25.jar:/home/lucas/.m2/repository/org/springframework/spring-beans/5.3.25/spring-beans-5.3.25.jar:/home/lucas/.m2/repository/org/apache/geronimo/specs/geronimo-jms_2.0_spec/1.0-alpha-2/geronimo-jms_2.0_spec-1.0-alpha-2.jar:/home/lucas/.m2/repository/org/apache/camel/camel-activemq/3.20.1/camel-activemq-3.20.1.jar:/home/lucas/.m2/repository/org/slf4j/slf4j-api/1.7.36/slf4j-api-1.7.36.jar:/home/lucas/.m2/repository/org/apache/activemq/activemq-spring/5.16.5/activemq-spring-5.16.5.jar:/home/lucas/.m2/repository/org/apache/xbean/xbean-spring/4.21/xbean-spring-4.21.jar:/home/lucas/.m2/repository/org/apache/geronimo/specs/geronimo-jta_1.1_spec/1.1.1/geronimo-jta_1.1_spec-1.1.1.jar:/home/lucas/.m2/repository/org/apache/commons/commons-pool2/2.11.1/commons-pool2-2.11.1.jar:/home/lucas/.m2/repository/org/apache/activemq/activemq-pool/5.16.5/activemq-pool-5.16.5.jar:/home/lucas/.m2/repository/org/apache/activemq/activemq-jms-pool/5.16.5/activemq-jms-pool-5.16.5.jar:/home/lucas/.m2/repository/org/apache/geronimo/specs/geronimo-jms_1.1_spec/1.1.1/geronimo-jms_1.1_spec-1.1.1.jar:/home/lucas/.m2/repository/org/apache/camel/springboot/camel-spring-boot-starter/3.20.1/camel-spring-boot-starter-3.20.1.jar:/home/lucas/.m2/repository/org/apache/camel/springboot/camel-spring-boot/3.20.1/camel-spring-boot-3.20.1.jar:/home/lucas/.m2/repository/org/apache/camel/camel-spring-main/3.20.1/camel-spring-main-3.20.1.jar:/home/lucas/.m2/repository/org/apache/camel/camel-main/3.20.1/camel-main-3.20.1.jar:/home/lucas/.m2/repository/org/apache/camel/camel-util-json/3.20.1/camel-util-json-3.20.1.jar:/home/lucas/.m2/repository/org/apache/camel/camel-xml-jaxb-dsl/3.20.1/camel-xml-jaxb-dsl-3.20.1.jar:/home/lucas/.m2/repository/org/apache/camel/camel-dsl-support/3.20.1/camel-dsl-support-3.20.1.jar:/home/lucas/.m2/repository/org/apache/camel/camel-spring-xml/3.20.1/camel-spring-xml-3.20.1.jar:/home/lucas/.m2/repository/org/apache/camel/camel-core-xml/3.20.1/camel-core-xml-3.20.1.jar:/home/lucas/.m2/repository/javax/annotation/javax.annotation-api/1.3.2/javax.annotation-api-1.3.2.jar:/home/lucas/.m2/repository/org/apache/camel/camel-cloud/3.20.1/camel-cloud-3.20.1.jar:/home/lucas/.m2/repository/org/apache/camel/springboot/camel-core-starter/3.20.1/camel-core-starter-3.20.1.jar:/home/lucas/.m2/repository/org/apache/camel/springboot/camel-bean-starter/3.20.1/camel-bean-starter-3.20.1.jar:/home/lucas/.m2/repository/org/apache/camel/springboot/camel-browse-starter/3.20.1/camel-browse-starter-3.20.1.jar:/home/lucas/.m2/repository/org/apache/camel/springboot/camel-controlbus-starter/3.20.1/camel-controlbus-starter-3.20.1.jar:/home/lucas/.m2/repository/org/apache/camel/springboot/camel-dataformat-starter/3.20.1/camel-dataformat-starter-3.20.1.jar:/home/lucas/.m2/repository/org/apache/camel/springboot/camel-dataset-starter/3.20.1/camel-dataset-starter-3.20.1.jar:/home/lucas/.m2/repository/org/apache/camel/springboot/camel-direct-starter/3.20.1/camel-direct-starter-3.20.1.jar:/home/lucas/.m2/repository/org/apache/camel/springboot/camel-directvm-starter/3.20.1/camel-directvm-starter-3.20.1.jar:/home/lucas/.m2/repository/org/apache/camel/springboot/camel-file-starter/3.20.1/camel-file-starter-3.20.1.jar:/home/lucas/.m2/repository/org/apache/camel/springboot/camel-language-starter/3.20.1/camel-language-starter-3.20.1.jar:/home/lucas/.m2/repository/org/apache/camel/springboot/camel-log-starter/3.20.1/camel-log-starter-3.20.1.jar:/home/lucas/.m2/repository/org/apache/camel/springboot/camel-mock-starter/3.20.1/camel-mock-starter-3.20.1.jar:/home/lucas/.m2/repository/org/apache/camel/springboot/camel-ref-starter/3.20.1/camel-ref-starter-3.20.1.jar:/home/lucas/.m2/repository/org/apache/camel/springboot/camel-rest-starter/3.20.1/camel-rest-starter-3.20.1.jar:/home/lucas/.m2/repository/org/apache/camel/springboot/camel-saga-starter/3.20.1/camel-saga-starter-3.20.1.jar:/home/lucas/.m2/repository/org/apache/camel/springboot/camel-scheduler-starter/3.20.1/camel-scheduler-starter-3.20.1.jar:/home/lucas/.m2/repository/org/apache/camel/springboot/camel-seda-starter/3.20.1/camel-seda-starter-3.20.1.jar:/home/lucas/.m2/repository/org/apache/camel/springboot/camel-stub-starter/3.20.1/camel-stub-starter-3.20.1.jar:/home/lucas/.m2/repository/org/apache/camel/springboot/camel-timer-starter/3.20.1/camel-timer-starter-3.20.1.jar:/home/lucas/.m2/repository/org/apache/camel/springboot/camel-validator-starter/3.20.1/camel-validator-starter-3.20.1.jar:/home/lucas/.m2/repository/org/apache/camel/springboot/camel-vm-starter/3.20.1/camel-vm-starter-3.20.1.jar:/home/lucas/.m2/repository/org/apache/camel/springboot/camel-xpath-starter/3.20.1/camel-xpath-starter-3.20.1.jar:/home/lucas/.m2/repository/org/apache/camel/springboot/camel-xslt-starter/3.20.1/camel-xslt-starter-3.20.1.jar:/home/lucas/.m2/repository/org/apache/camel/springboot/camel-xml-jaxp-starter/3.20.1/camel-xml-jaxp-starter-3.20.1.jar:/home/lucas/.m2/repository/org/apache/camel/camel-stream/3.20.1/camel-stream-3.20.1.jar:/home/lucas/.m2/repository/org/apache/camel/camel-core/3.20.1/camel-core-3.20.1.jar:/home/lucas/.m2/repository/org/apache/camel/camel-core-engine/3.20.1/camel-core-engine-3.20.1.jar:/home/lucas/.m2/repository/org/apache/camel/camel-base-engine/3.20.1/camel-base-engine-3.20.1.jar:/home/lucas/.m2/repository/org/apache/camel/camel-base/3.20.1/camel-base-3.20.1.jar:/home/lucas/.m2/repository/org/apache/camel/camel-core-reifier/3.20.1/camel-core-reifier-3.20.1.jar:/home/lucas/.m2/repository/org/apache/camel/camel-core-processor/3.20.1/camel-core-processor-3.20.1.jar:/home/lucas/.m2/repository/org/apache/camel/camel-core-languages/3.20.1/camel-core-languages-3.20.1.jar:/home/lucas/.m2/repository/org/apache/camel/camel-core-model/3.20.1/camel-core-model-3.20.1.jar:/home/lucas/.m2/repository/org/apache/camel/camel-bean/3.20.1/camel-bean-3.20.1.jar:/home/lucas/.m2/repository/org/apache/camel/camel-browse/3.20.1/camel-browse-3.20.1.jar:/home/lucas/.m2/repository/org/apache/camel/camel-cluster/3.20.1/camel-cluster-3.20.1.jar:/home/lucas/.m2/repository/org/apache/camel/camel-controlbus/3.20.1/camel-controlbus-3.20.1.jar:/home/lucas/.m2/repository/org/apache/camel/camel-dataformat/3.20.1/camel-dataformat-3.20.1.jar:/home/lucas/.m2/repository/org/apache/camel/camel-dataset/3.20.1/camel-dataset-3.20.1.jar:/home/lucas/.m2/repository/org/apache/camel/camel-direct/3.20.1/camel-direct-3.20.1.jar:/home/lucas/.m2/repository/org/apache/camel/camel-directvm/3.20.1/camel-directvm-3.20.1.jar:/home/lucas/.m2/repository/org/apache/camel/camel-file/3.20.1/camel-file-3.20.1.jar:/home/lucas/.m2/repository/org/apache/camel/camel-health/3.20.1/camel-health-3.20.1.jar:/home/lucas/.m2/repository/org/apache/camel/camel-language/3.20.1/camel-language-3.20.1.jar:/home/lucas/.m2/repository/org/apache/camel/camel-log/3.20.1/camel-log-3.20.1.jar:/home/lucas/.m2/repository/org/apache/camel/camel-mock/3.20.1/camel-mock-3.20.1.jar:/home/lucas/.m2/repository/org/apache/camel/camel-ref/3.20.1/camel-ref-3.20.1.jar:/home/lucas/.m2/repository/org/apache/camel/camel-rest/3.20.1/camel-rest-3.20.1.jar:/home/lucas/.m2/repository/org/apache/camel/camel-tooling-model/3.20.1/camel-tooling-model-3.20.1.jar:/home/lucas/.m2/repository/org/apache/camel/camel-saga/3.20.1/camel-saga-3.20.1.jar:/home/lucas/.m2/repository/org/apache/camel/camel-scheduler/3.20.1/camel-scheduler-3.20.1.jar:/home/lucas/.m2/repository/org/apache/camel/camel-seda/3.20.1/camel-seda-3.20.1.jar:/home/lucas/.m2/repository/org/apache/camel/camel-stub/3.20.1/camel-stub-3.20.1.jar:/home/lucas/.m2/repository/org/apache/camel/camel-timer/3.20.1/camel-timer-3.20.1.jar:/home/lucas/.m2/repository/org/apache/camel/camel-validator/3.20.1/camel-validator-3.20.1.jar:/home/lucas/.m2/repository/org/apache/camel/camel-vm/3.20.1/camel-vm-3.20.1.jar:/home/lucas/.m2/repository/org/apache/camel/camel-xpath/3.20.1/camel-xpath-3.20.1.jar:/home/lucas/.m2/repository/org/apache/camel/camel-xslt/3.20.1/camel-xslt-3.20.1.jar:/home/lucas/.m2/repository/org/apache/camel/camel-xml-jaxb/3.20.1/camel-xml-jaxb-3.20.1.jar:/home/lucas/.m2/repository/com/sun/xml/bind/jaxb-core/2.3.0/jaxb-core-2.3.0.jar:/home/lucas/.m2/repository/com/sun/xml/bind/jaxb-impl/2.3.3/jaxb-impl-2.3.3.jar:/home/lucas/.m2/repository/com/sun/activation/jakarta.activation/1.2.2/jakarta.activation-1.2.2.jar:/home/lucas/.m2/repository/org/apache/camel/camel-xml-jaxp/3.20.1/camel-xml-jaxp-3.20.1.jar:/home/lucas/.m2/repository/org/apache/camel/camel-xml-io-util/3.20.1/camel-xml-io-util-3.20.1.jar:"/>
    <property name="sun.cpu.endian" value="little"/>
    <property name="user.home" value="/home/lucas"/>
    <property name="user.language" value="en"/>
    <property name="java.specification.vendor" value="Oracle Corporation"/>
    <property name="java.version.date" value="2022-10-18"/>
    <property name="java.home" value="/usr/lib/jvm/java-17-openjdk-amd64"/>
    <property name="file.separator" value="/"/>
    <property name="basedir" value="/home/lucas/dev/java/messaging"/>
    <property name="java.vm.compressedOopsMode" value="Zero based"/>
    <property name="line.separator" value="&#10;"/>
    <property name="java.vm.specification.vendor" value="Oracle Corporation"/>
    <property name="java.specification.name" value="Java Platform API Specification"/>
    <property name="surefire.real.class.path" value="/home/lucas/dev/java/messaging/target/surefire/surefirebooter4227163072395673329.jar"/>
    <property name="sun.management.compiler" value="HotSpot 64-Bit Tiered Compilers"/>
    <property name="java.runtime.version" value="17.0.5+8-Ubuntu-2ubuntu122.04"/>
    <property name="user.name" value="lucas"/>
    <property name="path.separator" value=":"/>
    <property name="os.version" value="5.15.0-52-generic"/>
    <property name="java.runtime.name" value="OpenJDK Runtime Environment"/>
    <property name="file.encoding" value="UTF-8"/>
    <property name="java.vm.name" value="OpenJDK 64-Bit Server VM"/>
    <property name="localRepository" value="/home/lucas/.m2/repository"/>
    <property name="java.vendor.url.bug" value="Unknown"/>
    <property name="java.io.tmpdir" value="/tmp"/>
    <property name="java.version" value="17.0.5"/>
    <property name="user.dir" value="/home/lucas/dev/java/messaging"/>
    <property name="os.arch" value="amd64"/>
    <property name="java.vm.specification.name" value="Java Virtual Machine Specification"/>
    <property name="native.encoding" value="UTF-8"/>
    <property name="java.library.path" value="/usr/java/packages/lib:/usr/lib/x86_64-linux-gnu/jni:/lib/x86_64-linux-gnu:/usr/lib/x86_64-linux-gnu:/usr/lib/jni:/lib:/usr/lib"/>
    <property name="java.vm.info" value="mixed mode, sharing"/>
    <property name="java.vendor" value="Private Build"/>
    <property name="java.vm.version" value="17.0.5+8-Ubuntu-2ubuntu122.04"/>
    <property name="sun.io.unicode.encoding" value="UnicodeLittle"/>
    <property name="java.class.version" value="61.0"/>
  </properties>
  <testcase name="contextLoads" classname="com.ed.messaging.MessagingApplicationTests" time="0.285"/>
</testsuite>